<?xml version="1.0" encoding="UTF-8"?>
<!-- Generated by org.testng.reporters.JUnitXMLReporter -->
<testsuite hostname="DESKTOP-8IGUF9C" name="Default test" tests="3" failures="0" timestamp="31 Aug 2021 00:28:54 GMT" time="23.047" errors="0">
  <testcase name="elegirArticulosAzarCarritoDeCompras" time="0.37" classname="com.sapiensacademytest.testcompras.CasosCarrito"/>
  <testcase name="anadirProductosAlCarrito" time="22.219" classname="com.sapiensacademytest.testcompras.CasosCarrito"/>
  <testcase name="verificarProductos" time="0.422" classname="com.sapiensacademytest.testcompras.CasosCarrito"/>
</testsuite> <!-- Default test -->
