<?xml version="1.0" encoding="UTF-8"?>
<!-- Generated by org.testng.reporters.JUnitXMLReporter -->
<testsuite hostname="DESKTOP-8IGUF9C" name="Casos de Prueba de Compra" tests="3" failures="0" timestamp="27 Aug 2021 00:53:47 GMT" time="6.011" errors="0">
  <testcase name="elegirArticulosAzarCarritoDeCompras" time="0.108" classname="com.sapiensacademytest.testcompras.CasosCarrito"/>
  <testcase name="anadirProductosAlCarrito" time="4.933" classname="com.sapiensacademytest.testcompras.CasosCarrito"/>
  <testcase name="verificarProductos" time="0.943" classname="com.sapiensacademytest.testcompras.CasosCarrito"/>
</testsuite> <!-- Casos de Prueba de Compra -->
