<?xml version="1.0" encoding="UTF-8"?>
<!-- Generated by org.testng.reporters.JUnitXMLReporter -->
<testsuite hostname="DESKTOP-8IGUF9C" name="Casos de Prueba de Compra" tests="3" failures="0" timestamp="26 Aug 2021 02:08:04 GMT" time="6.623" errors="0">
  <testcase name="elegirArticulosAzarCarritoDeCompras" time="0.101" classname="com.sapiensacademytest.testcompras.CasosCarrito"/>
  <testcase name="anadirProductosAlCarrito" time="5.59" classname="com.sapiensacademytest.testcompras.CasosCarrito"/>
  <testcase name="verificarProductos" time="0.903" classname="com.sapiensacademytest.testcompras.CasosCarrito"/>
</testsuite> <!-- Casos de Prueba de Compra -->
