<?xml version="1.0" encoding="UTF-8"?>
<testng-results skipped="0" failed="0" total="3" passed="3">
  <reporter-output>
  </reporter-output>
  <suite name="SuiteCarrito" duration-ms="6623" started-at="2021-08-26T02:07:57Z" finished-at="2021-08-26T02:08:04Z">
    <groups>
    </groups>
    <test name="Casos de Prueba de Compra" duration-ms="6623" started-at="2021-08-26T02:07:57Z" finished-at="2021-08-26T02:08:04Z">
      <class name="com.sapiensacademytest.testcompras.CasosCarrito">
        <test-method status="PASS" signature="abrirNavegador()[pri:0, instance:com.sapiensacademytest.testcompras.CasosCarrito@1224144a]" name="abrirNavegador" is-config="true" duration-ms="3916" started-at="2021-08-25T21:07:54Z" finished-at="2021-08-25T21:07:57Z">
          <reporter-output>
          </reporter-output>
        </test-method> <!-- abrirNavegador -->
        <test-method status="PASS" signature="elegirArticulosAzarCarritoDeCompras()[pri:0, instance:com.sapiensacademytest.testcompras.CasosCarrito@1224144a]" name="elegirArticulosAzarCarritoDeCompras" duration-ms="101" started-at="2021-08-25T21:07:58Z" finished-at="2021-08-25T21:07:58Z">
          <reporter-output>
          </reporter-output>
        </test-method> <!-- elegirArticulosAzarCarritoDeCompras -->
        <test-method status="PASS" signature="anadirProductosAlCarrito()[pri:0, instance:com.sapiensacademytest.testcompras.CasosCarrito@1224144a]" name="anadirProductosAlCarrito" duration-ms="5590" started-at="2021-08-25T21:07:58Z" depends-on-methods="com.sapiensacademytest.testcompras.CasosCarrito.elegirArticulosAzarCarritoDeCompras" finished-at="2021-08-25T21:08:03Z">
          <reporter-output>
          </reporter-output>
        </test-method> <!-- anadirProductosAlCarrito -->
        <test-method status="PASS" signature="verificarProductos()[pri:0, instance:com.sapiensacademytest.testcompras.CasosCarrito@1224144a]" name="verificarProductos" duration-ms="903" started-at="2021-08-25T21:08:03Z" depends-on-methods="com.sapiensacademytest.testcompras.CasosCarrito.anadirProductosAlCarrito" finished-at="2021-08-25T21:08:04Z">
          <reporter-output>
          </reporter-output>
        </test-method> <!-- verificarProductos -->
        <test-method status="PASS" signature="cerrarNavegador()[pri:0, instance:com.sapiensacademytest.testcompras.CasosCarrito@1224144a]" name="cerrarNavegador" is-config="true" duration-ms="4630" started-at="2021-08-25T21:08:04Z" finished-at="2021-08-25T21:08:09Z">
          <reporter-output>
          </reporter-output>
        </test-method> <!-- cerrarNavegador -->
      </class> <!-- com.sapiensacademytest.testcompras.CasosCarrito -->
    </test> <!-- Casos de Prueba de Compra -->
  </suite> <!-- SuiteCarrito -->
</testng-results>
