<?xml version="1.0" encoding="UTF-8"?>
<testng-results skipped="0" failed="0" total="3" passed="3">
  <reporter-output>
  </reporter-output>
  <suite name="SuiteCarrito" duration-ms="6011" started-at="2021-08-27T00:53:41Z" finished-at="2021-08-27T00:53:47Z">
    <groups>
    </groups>
    <test name="Casos de Prueba de Compra" duration-ms="6011" started-at="2021-08-27T00:53:41Z" finished-at="2021-08-27T00:53:47Z">
      <class name="com.sapiensacademytest.testcompras.CasosCarrito">
        <test-method status="PASS" signature="abrirNavegador()[pri:0, instance:com.sapiensacademytest.testcompras.CasosCarrito@1224144a]" name="abrirNavegador" is-config="true" duration-ms="4698" started-at="2021-08-26T19:53:36Z" finished-at="2021-08-26T19:53:41Z">
          <reporter-output>
          </reporter-output>
        </test-method> <!-- abrirNavegador -->
        <test-method status="PASS" signature="elegirArticulosAzarCarritoDeCompras()[pri:0, instance:com.sapiensacademytest.testcompras.CasosCarrito@1224144a]" name="elegirArticulosAzarCarritoDeCompras" duration-ms="108" started-at="2021-08-26T19:53:41Z" finished-at="2021-08-26T19:53:41Z">
          <reporter-output>
          </reporter-output>
        </test-method> <!-- elegirArticulosAzarCarritoDeCompras -->
        <test-method status="PASS" signature="anadirProductosAlCarrito()[pri:0, instance:com.sapiensacademytest.testcompras.CasosCarrito@1224144a]" name="anadirProductosAlCarrito" duration-ms="4933" started-at="2021-08-26T19:53:41Z" depends-on-methods="com.sapiensacademytest.testcompras.CasosCarrito.elegirArticulosAzarCarritoDeCompras" finished-at="2021-08-26T19:53:46Z">
          <reporter-output>
          </reporter-output>
        </test-method> <!-- anadirProductosAlCarrito -->
        <test-method status="PASS" signature="verificarProductos()[pri:0, instance:com.sapiensacademytest.testcompras.CasosCarrito@1224144a]" name="verificarProductos" duration-ms="943" started-at="2021-08-26T19:53:46Z" depends-on-methods="com.sapiensacademytest.testcompras.CasosCarrito.anadirProductosAlCarrito" finished-at="2021-08-26T19:53:47Z">
          <reporter-output>
          </reporter-output>
        </test-method> <!-- verificarProductos -->
        <test-method status="PASS" signature="cerrarNavegador()[pri:0, instance:com.sapiensacademytest.testcompras.CasosCarrito@1224144a]" name="cerrarNavegador" is-config="true" duration-ms="339" started-at="2021-08-26T19:53:47Z" finished-at="2021-08-26T19:53:47Z">
          <reporter-output>
          </reporter-output>
        </test-method> <!-- cerrarNavegador -->
      </class> <!-- com.sapiensacademytest.testcompras.CasosCarrito -->
    </test> <!-- Casos de Prueba de Compra -->
  </suite> <!-- SuiteCarrito -->
</testng-results>
